{
  "stats": {
    "suites": 1,
    "tests": 1,
    "passes": 1,
    "pending": 0,
    "failures": 0,
    "start": "2020-03-15T14:25:59.216Z",
    "end": "2020-03-15T14:25:59.257Z",
    "duration": 41,
    "testsRegistered": 1,
    "passPercent": 100,
    "pendingPercent": 0,
    "other": 0,
    "hasOther": false,
    "skipped": 0,
    "hasSkipped": false,
    "passPercentClass": "success",
    "pendingPercentClass": "danger"
  },
  "suites": {
    "title": "",
    "suites": [
      {
        "title": "HelloWorld.vue",
        "suites": [],
        "tests": [
          {
            "title": "renders props.msg when passed",
            "fullTitle": "HelloWorld.vue renders props.msg when passed",
            "timedOut": false,
            "duration": 35,
            "state": "passed",
            "speed": "fast",
            "pass": true,
            "fail": false,
            "pending": false,
            "code": "const msg = 'new message';\nconst wrapper = Object(_vue_test_utils__WEBPACK_IMPORTED_MODULE_1__[\"shallowMount\"])(_components_HelloWorld_vue__WEBPACK_IMPORTED_MODULE_2__[\"default\"], {\n  propsData: {\n    msg\n  }\n});\nObject(chai__WEBPACK_IMPORTED_MODULE_0__[\"expect\"])(wrapper.text()).to.include(msg);",
            "err": {},
            "isRoot": false,
            "uuid": "08a662f4-cd82-4958-9012-549afbb991d3",
            "parentUUID": "6e31b4d1-386d-4ed0-a98e-b495279ed15d",
            "isHook": false,
            "skipped": false
          }
        ],
        "pending": [],
        "root": false,
        "_timeout": 2000,
        "file": "/dist/main.js",
        "uuid": "6e31b4d1-386d-4ed0-a98e-b495279ed15d",
        "beforeHooks": [],
        "afterHooks": [],
        "fullFile": "/Users/cander/Downloads/test/dist/main.js",
        "passes": [
          {
            "title": "renders props.msg when passed",
            "fullTitle": "HelloWorld.vue renders props.msg when passed",
            "timedOut": false,
            "duration": 35,
            "state": "passed",
            "speed": "fast",
            "pass": true,
            "fail": false,
            "pending": false,
            "code": "const msg = 'new message';\nconst wrapper = Object(_vue_test_utils__WEBPACK_IMPORTED_MODULE_1__[\"shallowMount\"])(_components_HelloWorld_vue__WEBPACK_IMPORTED_MODULE_2__[\"default\"], {\n  propsData: {\n    msg\n  }\n});\nObject(chai__WEBPACK_IMPORTED_MODULE_0__[\"expect\"])(wrapper.text()).to.include(msg);",
            "err": {},
            "isRoot": false,
            "uuid": "08a662f4-cd82-4958-9012-549afbb991d3",
            "parentUUID": "6e31b4d1-386d-4ed0-a98e-b495279ed15d",
            "isHook": false,
            "skipped": false
          }
        ],
        "failures": [],
        "skipped": [],
        "hasBeforeHooks": false,
        "hasAfterHooks": false,
        "hasTests": true,
        "hasSuites": false,
        "totalTests": 1,
        "totalPasses": 1,
        "totalFailures": 0,
        "totalPending": 0,
        "totalSkipped": 0,
        "hasPasses": true,
        "hasFailures": false,
        "hasPending": false,
        "hasSkipped": false,
        "duration": 35,
        "rootEmpty": false
      }
    ],
    "tests": [],
    "pending": [],
    "root": true,
    "_timeout": 2000,
    "uuid": "f3a8f93b-1db4-4f02-9a84-8d87a1483257",
    "beforeHooks": [],
    "afterHooks": [],
    "fullFile": "",
    "file": "",
    "passes": [],
    "failures": [],
    "skipped": [],
    "hasBeforeHooks": false,
    "hasAfterHooks": false,
    "hasTests": false,
    "hasSuites": true,
    "totalTests": 0,
    "totalPasses": 0,
    "totalFailures": 0,
    "totalPending": 0,
    "totalSkipped": 0,
    "hasPasses": false,
    "hasFailures": false,
    "hasPending": false,
    "hasSkipped": false,
    "duration": 0,
    "rootEmpty": true
  },
  "allTests": [
    {
      "title": "renders props.msg when passed",
      "fullTitle": "HelloWorld.vue renders props.msg when passed",
      "timedOut": false,
      "duration": 35,
      "state": "passed",
      "speed": "fast",
      "pass": true,
      "fail": false,
      "pending": false,
      "code": "const msg = 'new message';\nconst wrapper = Object(_vue_test_utils__WEBPACK_IMPORTED_MODULE_1__[\"shallowMount\"])(_components_HelloWorld_vue__WEBPACK_IMPORTED_MODULE_2__[\"default\"], {\n  propsData: {\n    msg\n  }\n});\nObject(chai__WEBPACK_IMPORTED_MODULE_0__[\"expect\"])(wrapper.text()).to.include(msg);",
      "err": {},
      "isRoot": false,
      "uuid": "08a662f4-cd82-4958-9012-549afbb991d3",
      "parentUUID": "6e31b4d1-386d-4ed0-a98e-b495279ed15d",
      "isHook": false,
      "skipped": false
    }
  ],
  "allPending": [],
  "allPasses": [
    {
      "title": "renders props.msg when passed",
      "fullTitle": "HelloWorld.vue renders props.msg when passed",
      "timedOut": false,
      "duration": 35,
      "state": "passed",
      "speed": "fast",
      "pass": true,
      "fail": false,
      "pending": false,
      "code": "const msg = 'new message';\nconst wrapper = Object(_vue_test_utils__WEBPACK_IMPORTED_MODULE_1__[\"shallowMount\"])(_components_HelloWorld_vue__WEBPACK_IMPORTED_MODULE_2__[\"default\"], {\n  propsData: {\n    msg\n  }\n});\nObject(chai__WEBPACK_IMPORTED_MODULE_0__[\"expect\"])(wrapper.text()).to.include(msg);",
      "err": {},
      "isRoot": false,
      "uuid": "08a662f4-cd82-4958-9012-549afbb991d3",
      "parentUUID": "6e31b4d1-386d-4ed0-a98e-b495279ed15d",
      "isHook": false,
      "skipped": false
    }
  ],
  "allFailures": [],
  "copyrightYear": 2020
}